[INFO  - 2016-10-04T00:31:26.853Z] GhostDriver - Main - running on port 56979
[INFO  - 2016-10-04T00:31:27.778Z] Session [e362e5c0-89c9-11e6-9243-6d242f727e0c] - page.settings - {"XSSAuditingEnabled":false,"javascriptCanCloseWindows":true,"javascriptCanOpenWindows":true,"javascriptEnabled":true,"loadImages":true,"localToRemoteUrlAccessEnabled":false,"userAgent":"Mozilla/5.0 (Unknown; Linux x86_64) AppleWebKit/538.1 (KHTML, like Gecko) PhantomJS/2.1.1 Safari/538.1","webSecurityEnabled":true}
[INFO  - 2016-10-04T00:31:27.778Z] Session [e362e5c0-89c9-11e6-9243-6d242f727e0c] - page.customHeaders:  - {}
[INFO  - 2016-10-04T00:31:27.778Z] Session [e362e5c0-89c9-11e6-9243-6d242f727e0c] - Session.negotiatedCapabilities - {"browserName":"phantomjs","version":"2.1.1","driverName":"ghostdriver","driverVersion":"1.2.0","platform":"linux-unknown-64bit","javascriptEnabled":true,"takesScreenshot":true,"handlesAlerts":false,"databaseEnabled":false,"locationContextEnabled":false,"applicationCacheEnabled":false,"browserConnectionEnabled":false,"cssSelectorsEnabled":true,"webStorageEnabled":false,"rotatable":false,"acceptSslCerts":false,"nativeEvents":true,"proxy":{"proxyType":"direct"}}
[INFO  - 2016-10-04T00:31:27.778Z] SessionManagerReqHand - _postNewSessionCommand - New Session Created: e362e5c0-89c9-11e6-9243-6d242f727e0c
[ERROR - 2016-10-04T00:31:34.068Z] Session [e362e5c0-89c9-11e6-9243-6d242f727e0c] - page.onError - msg: Invalid value for url. Reason: ReferenceError: Can't find variable: jQuery

  phantomjs://platform/console++.js:263 in error
[ERROR - 2016-10-04T00:31:34.069Z] Session [e362e5c0-89c9-11e6-9243-6d242f727e0c] - page.onError - stack:
  fill (https://mailrecipe-live.appspot.com/stats/linio.com.co.js:116)

  phantomjs://platform/console++.js:263 in error
[ERROR - 2016-10-04T00:31:34.069Z] Session [e362e5c0-89c9-11e6-9243-6d242f727e0c] - page.onError - msg: Invalid value for availability. Reason: ReferenceError: Can't find variable: jQuery

  phantomjs://platform/console++.js:263 in error
[ERROR - 2016-10-04T00:31:34.069Z] Session [e362e5c0-89c9-11e6-9243-6d242f727e0c] - page.onError - stack:
  fill (https://mailrecipe-live.appspot.com/stats/linio.com.co.js:116)

  phantomjs://platform/console++.js:263 in error
[ERROR - 2016-10-04T00:31:34.070Z] Session [e362e5c0-89c9-11e6-9243-6d242f727e0c] - page.onError - msg: Invalid value for image. Reason: ReferenceError: Can't find variable: jQuery

  phantomjs://platform/console++.js:263 in error
[ERROR - 2016-10-04T00:31:34.070Z] Session [e362e5c0-89c9-11e6-9243-6d242f727e0c] - page.onError - stack:
  fill (https://mailrecipe-live.appspot.com/stats/linio.com.co.js:116)

  phantomjs://platform/console++.js:263 in error
