[INFO  - 2016-10-03T00:29:08.542Z] GhostDriver - Main - running on port 36262
[INFO  - 2016-10-03T00:29:09.475Z] Session [6689c8d0-8900-11e6-9e69-65e93e6e94ef] - page.settings - {"XSSAuditingEnabled":false,"javascriptCanCloseWindows":true,"javascriptCanOpenWindows":true,"javascriptEnabled":true,"loadImages":true,"localToRemoteUrlAccessEnabled":false,"userAgent":"Mozilla/5.0 (Unknown; Linux x86_64) AppleWebKit/538.1 (KHTML, like Gecko) PhantomJS/2.1.1 Safari/538.1","webSecurityEnabled":true}
[INFO  - 2016-10-03T00:29:09.475Z] Session [6689c8d0-8900-11e6-9e69-65e93e6e94ef] - page.customHeaders:  - {}
[INFO  - 2016-10-03T00:29:09.476Z] Session [6689c8d0-8900-11e6-9e69-65e93e6e94ef] - Session.negotiatedCapabilities - {"browserName":"phantomjs","version":"2.1.1","driverName":"ghostdriver","driverVersion":"1.2.0","platform":"linux-unknown-64bit","javascriptEnabled":true,"takesScreenshot":true,"handlesAlerts":false,"databaseEnabled":false,"locationContextEnabled":false,"applicationCacheEnabled":false,"browserConnectionEnabled":false,"cssSelectorsEnabled":true,"webStorageEnabled":false,"rotatable":false,"acceptSslCerts":false,"nativeEvents":true,"proxy":{"proxyType":"direct"}}
[INFO  - 2016-10-03T00:29:09.476Z] SessionManagerReqHand - _postNewSessionCommand - New Session Created: 6689c8d0-8900-11e6-9e69-65e93e6e94ef
[ERROR - 2016-10-03T00:29:25.082Z] Session [6689c8d0-8900-11e6-9e69-65e93e6e94ef] - page.onError - msg: Invalid value for url. Reason: ReferenceError: Can't find variable: jQuery

  phantomjs://platform/console++.js:263 in error
[ERROR - 2016-10-03T00:29:25.082Z] Session [6689c8d0-8900-11e6-9e69-65e93e6e94ef] - page.onError - stack:
  fill (https://mailrecipe-live.appspot.com/stats/linio.com.co.js:116)

  phantomjs://platform/console++.js:263 in error
[ERROR - 2016-10-03T00:29:25.083Z] Session [6689c8d0-8900-11e6-9e69-65e93e6e94ef] - page.onError - msg: Invalid value for availability. Reason: ReferenceError: Can't find variable: jQuery

  phantomjs://platform/console++.js:263 in error
[ERROR - 2016-10-03T00:29:25.083Z] Session [6689c8d0-8900-11e6-9e69-65e93e6e94ef] - page.onError - stack:
  fill (https://mailrecipe-live.appspot.com/stats/linio.com.co.js:116)

  phantomjs://platform/console++.js:263 in error
[ERROR - 2016-10-03T00:29:25.084Z] Session [6689c8d0-8900-11e6-9e69-65e93e6e94ef] - page.onError - msg: Invalid value for image. Reason: ReferenceError: Can't find variable: jQuery

  phantomjs://platform/console++.js:263 in error
[ERROR - 2016-10-03T00:29:25.084Z] Session [6689c8d0-8900-11e6-9e69-65e93e6e94ef] - page.onError - stack:
  fill (https://mailrecipe-live.appspot.com/stats/linio.com.co.js:116)

  phantomjs://platform/console++.js:263 in error
